[0.727s] Invoking command in '/root/ROS2_Study/src/my_first_package': PYTHONPATH=/root/ROS2_Study/build/my_first_package/prefix_override:/root/ROS2_Study/install/my_first_package/lib/python3.10/site-packages:${PYTHONPATH} /usr/bin/python3 setup.py egg_info --egg-base ../../build/my_first_package build --build-base /root/ROS2_Study/build/my_first_package/build install --record /root/ROS2_Study/build/my_first_package/install.log --single-version-externally-managed
[0.947s] running egg_info
[0.947s] creating ../../build/my_first_package/my_first_package.egg-info
[0.948s] writing ../../build/my_first_package/my_first_package.egg-info/PKG-INFO
[0.949s] writing dependency_links to ../../build/my_first_package/my_first_package.egg-info/dependency_links.txt
[0.950s] writing entry points to ../../build/my_first_package/my_first_package.egg-info/entry_points.txt
[0.950s] writing requirements to ../../build/my_first_package/my_first_package.egg-info/requires.txt
[0.951s] writing top-level names to ../../build/my_first_package/my_first_package.egg-info/top_level.txt
[0.951s] writing manifest file '../../build/my_first_package/my_first_package.egg-info/SOURCES.txt'
[0.954s] reading manifest file '../../build/my_first_package/my_first_package.egg-info/SOURCES.txt'
[0.956s] writing manifest file '../../build/my_first_package/my_first_package.egg-info/SOURCES.txt'
[0.956s] running build
[0.957s] running build_py
[0.958s] creating /root/ROS2_Study/build/my_first_package/build
[0.958s] creating /root/ROS2_Study/build/my_first_package/build/lib
[0.959s] creating /root/ROS2_Study/build/my_first_package/build/lib/my_first_package
[0.959s] copying my_first_package/my_subscriber.py -> /root/ROS2_Study/build/my_first_package/build/lib/my_first_package
[0.960s] copying my_first_package/my_first_node.py -> /root/ROS2_Study/build/my_first_package/build/lib/my_first_package
[0.962s] copying my_first_package/__init__.py -> /root/ROS2_Study/build/my_first_package/build/lib/my_first_package
[0.962s] copying my_first_package/turtle_cmd_and_pose.py -> /root/ROS2_Study/build/my_first_package/build/lib/my_first_package
[0.963s] copying my_first_package/my_publisher.py -> /root/ROS2_Study/build/my_first_package/build/lib/my_first_package
[0.965s] running install
[0.966s] /usr/lib/python3/dist-packages/setuptools/command/install.py:34: SetuptoolsDeprecationWarning: setup.py install is deprecated. Use build and pip and other standards-based tools.
[0.966s]   warnings.warn(
[0.966s] running install_lib
[0.967s] creating /root/ROS2_Study/install/my_first_package/lib/python3.10/site-packages/my_first_package
[0.967s] copying /root/ROS2_Study/build/my_first_package/build/lib/my_first_package/my_subscriber.py -> /root/ROS2_Study/install/my_first_package/lib/python3.10/site-packages/my_first_package
[0.969s] copying /root/ROS2_Study/build/my_first_package/build/lib/my_first_package/my_first_node.py -> /root/ROS2_Study/install/my_first_package/lib/python3.10/site-packages/my_first_package
[0.970s] copying /root/ROS2_Study/build/my_first_package/build/lib/my_first_package/__init__.py -> /root/ROS2_Study/install/my_first_package/lib/python3.10/site-packages/my_first_package
[0.971s] copying /root/ROS2_Study/build/my_first_package/build/lib/my_first_package/turtle_cmd_and_pose.py -> /root/ROS2_Study/install/my_first_package/lib/python3.10/site-packages/my_first_package
[0.973s] copying /root/ROS2_Study/build/my_first_package/build/lib/my_first_package/my_publisher.py -> /root/ROS2_Study/install/my_first_package/lib/python3.10/site-packages/my_first_package
[0.975s] byte-compiling /root/ROS2_Study/install/my_first_package/lib/python3.10/site-packages/my_first_package/my_subscriber.py to my_subscriber.cpython-310.pyc
[0.977s] byte-compiling /root/ROS2_Study/install/my_first_package/lib/python3.10/site-packages/my_first_package/my_first_node.py to my_first_node.cpython-310.pyc
[0.978s] byte-compiling /root/ROS2_Study/install/my_first_package/lib/python3.10/site-packages/my_first_package/__init__.py to __init__.cpython-310.pyc
[0.979s] byte-compiling /root/ROS2_Study/install/my_first_package/lib/python3.10/site-packages/my_first_package/turtle_cmd_and_pose.py to turtle_cmd_and_pose.cpython-310.pyc
[0.981s] byte-compiling /root/ROS2_Study/install/my_first_package/lib/python3.10/site-packages/my_first_package/my_publisher.py to my_publisher.cpython-310.pyc
[0.983s] running install_data
[0.984s] creating /root/ROS2_Study/install/my_first_package/share/ament_index
[0.984s] creating /root/ROS2_Study/install/my_first_package/share/ament_index/resource_index
[0.985s] creating /root/ROS2_Study/install/my_first_package/share/ament_index/resource_index/packages
[0.985s] copying resource/my_first_package -> /root/ROS2_Study/install/my_first_package/share/ament_index/resource_index/packages
[0.986s] copying package.xml -> /root/ROS2_Study/install/my_first_package/share/my_first_package
[0.988s] running install_egg_info
[0.989s] Copying ../../build/my_first_package/my_first_package.egg-info to /root/ROS2_Study/install/my_first_package/lib/python3.10/site-packages/my_first_package-0.0.0-py3.10.egg-info
[1.000s] running install_scripts
[1.020s] Installing my_first_node script to /root/ROS2_Study/install/my_first_package/lib/my_first_package
[1.021s] Installing my_publisher script to /root/ROS2_Study/install/my_first_package/lib/my_first_package
[1.022s] Installing my_subscriber script to /root/ROS2_Study/install/my_first_package/lib/my_first_package
[1.023s] Installing turtle_cmd_and_pose script to /root/ROS2_Study/install/my_first_package/lib/my_first_package
[1.025s] writing list of installed files to '/root/ROS2_Study/build/my_first_package/install.log'
[1.051s] Invoked command in '/root/ROS2_Study/src/my_first_package' returned '0': PYTHONPATH=/root/ROS2_Study/build/my_first_package/prefix_override:/root/ROS2_Study/install/my_first_package/lib/python3.10/site-packages:${PYTHONPATH} /usr/bin/python3 setup.py egg_info --egg-base ../../build/my_first_package build --build-base /root/ROS2_Study/build/my_first_package/build install --record /root/ROS2_Study/build/my_first_package/install.log --single-version-externally-managed
