[0.879s] Invoking command in '/home/injunsik/ros2_study/src/my_first_package': PYTHONPATH=/home/injunsik/ros2_study/build/my_first_package/prefix_override:/usr/lib/python3/dist-packages/colcon_core/task/python/colcon_distutils_commands:/home/injunsik/ros2_study/install/my_first_package/lib/python3.10/site-packages:${PYTHONPATH} /usr/bin/python3 -W ignore:setup.py install is deprecated -W ignore:easy_install command is deprecated setup.py egg_info --egg-base ../../build/my_first_package build --build-base /home/injunsik/ros2_study/build/my_first_package/build install --record /home/injunsik/ros2_study/build/my_first_package/install.log --single-version-externally-managed install_data
[1.192s] running egg_info
[1.192s] creating ../../build/my_first_package/my_first_package.egg-info
[1.193s] writing ../../build/my_first_package/my_first_package.egg-info/PKG-INFO
[1.193s] writing dependency_links to ../../build/my_first_package/my_first_package.egg-info/dependency_links.txt
[1.193s] writing entry points to ../../build/my_first_package/my_first_package.egg-info/entry_points.txt
[1.194s] writing requirements to ../../build/my_first_package/my_first_package.egg-info/requires.txt
[1.194s] writing top-level names to ../../build/my_first_package/my_first_package.egg-info/top_level.txt
[1.194s] writing manifest file '../../build/my_first_package/my_first_package.egg-info/SOURCES.txt'
[1.196s] reading manifest file '../../build/my_first_package/my_first_package.egg-info/SOURCES.txt'
[1.197s] writing manifest file '../../build/my_first_package/my_first_package.egg-info/SOURCES.txt'
[1.198s] running build
[1.198s] running build_py
[1.198s] creating /home/injunsik/ros2_study/build/my_first_package/build
[1.199s] creating /home/injunsik/ros2_study/build/my_first_package/build/lib
[1.199s] creating /home/injunsik/ros2_study/build/my_first_package/build/lib/my_first_package
[1.199s] copying my_first_package/__init__.py -> /home/injunsik/ros2_study/build/my_first_package/build/lib/my_first_package
[1.199s] copying my_first_package/my_first_node.py -> /home/injunsik/ros2_study/build/my_first_package/build/lib/my_first_package
[1.199s] copying my_first_package/my_subscriber.py -> /home/injunsik/ros2_study/build/my_first_package/build/lib/my_first_package
[1.200s] copying my_first_package/my_publisher.py -> /home/injunsik/ros2_study/build/my_first_package/build/lib/my_first_package
[1.200s] copying my_first_package/turtle_cmd_and_pose.py -> /home/injunsik/ros2_study/build/my_first_package/build/lib/my_first_package
[1.200s] running install
[1.201s] running install_lib
[1.202s] creating /home/injunsik/ros2_study/install/my_first_package/lib/python3.10/site-packages/my_first_package
[1.202s] copying /home/injunsik/ros2_study/build/my_first_package/build/lib/my_first_package/__init__.py -> /home/injunsik/ros2_study/install/my_first_package/lib/python3.10/site-packages/my_first_package
[1.202s] copying /home/injunsik/ros2_study/build/my_first_package/build/lib/my_first_package/my_first_node.py -> /home/injunsik/ros2_study/install/my_first_package/lib/python3.10/site-packages/my_first_package
[1.203s] copying /home/injunsik/ros2_study/build/my_first_package/build/lib/my_first_package/my_subscriber.py -> /home/injunsik/ros2_study/install/my_first_package/lib/python3.10/site-packages/my_first_package
[1.203s] copying /home/injunsik/ros2_study/build/my_first_package/build/lib/my_first_package/my_publisher.py -> /home/injunsik/ros2_study/install/my_first_package/lib/python3.10/site-packages/my_first_package
[1.203s] copying /home/injunsik/ros2_study/build/my_first_package/build/lib/my_first_package/turtle_cmd_and_pose.py -> /home/injunsik/ros2_study/install/my_first_package/lib/python3.10/site-packages/my_first_package
[1.204s] byte-compiling /home/injunsik/ros2_study/install/my_first_package/lib/python3.10/site-packages/my_first_package/__init__.py to __init__.cpython-310.pyc
[1.204s] byte-compiling /home/injunsik/ros2_study/install/my_first_package/lib/python3.10/site-packages/my_first_package/my_first_node.py to my_first_node.cpython-310.pyc
[1.205s] byte-compiling /home/injunsik/ros2_study/install/my_first_package/lib/python3.10/site-packages/my_first_package/my_subscriber.py to my_subscriber.cpython-310.pyc
[1.205s] byte-compiling /home/injunsik/ros2_study/install/my_first_package/lib/python3.10/site-packages/my_first_package/my_publisher.py to my_publisher.cpython-310.pyc
[1.206s] byte-compiling /home/injunsik/ros2_study/install/my_first_package/lib/python3.10/site-packages/my_first_package/turtle_cmd_and_pose.py to turtle_cmd_and_pose.cpython-310.pyc
[1.206s] running install_data
[1.206s] creating /home/injunsik/ros2_study/install/my_first_package/share/ament_index
[1.206s] creating /home/injunsik/ros2_study/install/my_first_package/share/ament_index/resource_index
[1.207s] creating /home/injunsik/ros2_study/install/my_first_package/share/ament_index/resource_index/packages
[1.207s] copying resource/my_first_package -> /home/injunsik/ros2_study/install/my_first_package/share/ament_index/resource_index/packages
[1.207s] copying package.xml -> /home/injunsik/ros2_study/install/my_first_package/share/my_first_package
[1.207s] running install_egg_info
[1.209s] Copying ../../build/my_first_package/my_first_package.egg-info to /home/injunsik/ros2_study/install/my_first_package/lib/python3.10/site-packages/my_first_package-0.0.0-py3.10.egg-info
[1.210s] running install_scripts
[1.234s] Installing my_first_node script to /home/injunsik/ros2_study/install/my_first_package/lib/my_first_package
[1.235s] Installing my_publisher script to /home/injunsik/ros2_study/install/my_first_package/lib/my_first_package
[1.235s] Installing my_subscriber script to /home/injunsik/ros2_study/install/my_first_package/lib/my_first_package
[1.235s] Installing turtle_cmd_and_pose script to /home/injunsik/ros2_study/install/my_first_package/lib/my_first_package
[1.235s] writing list of installed files to '/home/injunsik/ros2_study/build/my_first_package/install.log'
[1.290s] Invoked command in '/home/injunsik/ros2_study/src/my_first_package' returned '0': PYTHONPATH=/home/injunsik/ros2_study/build/my_first_package/prefix_override:/usr/lib/python3/dist-packages/colcon_core/task/python/colcon_distutils_commands:/home/injunsik/ros2_study/install/my_first_package/lib/python3.10/site-packages:${PYTHONPATH} /usr/bin/python3 -W ignore:setup.py install is deprecated -W ignore:easy_install command is deprecated setup.py egg_info --egg-base ../../build/my_first_package build --build-base /home/injunsik/ros2_study/build/my_first_package/build install --record /home/injunsik/ros2_study/build/my_first_package/install.log --single-version-externally-managed install_data
