[0.586s] Invoking command in '/home/injunsik/ros2_study/src/my_first_package': PYTHONPATH=/home/injunsik/ros2_study/build/my_first_package/prefix_override:/usr/lib/python3/dist-packages/colcon_core/task/python/colcon_distutils_commands:/home/injunsik/ros2_study/install/my_first_package/lib/python3.10/site-packages:${PYTHONPATH} /usr/bin/python3 -W ignore:setup.py install is deprecated -W ignore:easy_install command is deprecated setup.py egg_info --egg-base ../../build/my_first_package build --build-base /home/injunsik/ros2_study/build/my_first_package/build install --record /home/injunsik/ros2_study/build/my_first_package/install.log --single-version-externally-managed install_data
[0.808s] running egg_info
[0.808s] writing ../../build/my_first_package/my_first_package.egg-info/PKG-INFO
[0.809s] writing dependency_links to ../../build/my_first_package/my_first_package.egg-info/dependency_links.txt
[0.809s] writing entry points to ../../build/my_first_package/my_first_package.egg-info/entry_points.txt
[0.809s] writing requirements to ../../build/my_first_package/my_first_package.egg-info/requires.txt
[0.809s] writing top-level names to ../../build/my_first_package/my_first_package.egg-info/top_level.txt
[0.811s] reading manifest file '../../build/my_first_package/my_first_package.egg-info/SOURCES.txt'
[0.811s] writing manifest file '../../build/my_first_package/my_first_package.egg-info/SOURCES.txt'
[0.811s] running build
[0.811s] running build_py
[0.812s] copying my_first_package/turtle_cmd_and_pose.py -> /home/injunsik/ros2_study/build/my_first_package/build/lib/my_first_package
[0.812s] running install
[0.812s] running install_lib
[0.813s] copying /home/injunsik/ros2_study/build/my_first_package/build/lib/my_first_package/turtle_cmd_and_pose.py -> /home/injunsik/ros2_study/install/my_first_package/lib/python3.10/site-packages/my_first_package
[0.813s] byte-compiling /home/injunsik/ros2_study/install/my_first_package/lib/python3.10/site-packages/my_first_package/turtle_cmd_and_pose.py to turtle_cmd_and_pose.cpython-310.pyc
[0.814s] running install_data
[0.814s] running install_egg_info
[0.815s] removing '/home/injunsik/ros2_study/install/my_first_package/lib/python3.10/site-packages/my_first_package-0.0.0-py3.10.egg-info' (and everything under it)
[0.816s] Copying ../../build/my_first_package/my_first_package.egg-info to /home/injunsik/ros2_study/install/my_first_package/lib/python3.10/site-packages/my_first_package-0.0.0-py3.10.egg-info
[0.816s] running install_scripts
[0.838s] Installing my_first_node script to /home/injunsik/ros2_study/install/my_first_package/lib/my_first_package
[0.838s] Installing my_publisher script to /home/injunsik/ros2_study/install/my_first_package/lib/my_first_package
[0.838s] Installing my_subscriber script to /home/injunsik/ros2_study/install/my_first_package/lib/my_first_package
[0.838s] Installing turtle_cmd_and_pose script to /home/injunsik/ros2_study/install/my_first_package/lib/my_first_package
[0.838s] writing list of installed files to '/home/injunsik/ros2_study/build/my_first_package/install.log'
[0.861s] Invoked command in '/home/injunsik/ros2_study/src/my_first_package' returned '0': PYTHONPATH=/home/injunsik/ros2_study/build/my_first_package/prefix_override:/usr/lib/python3/dist-packages/colcon_core/task/python/colcon_distutils_commands:/home/injunsik/ros2_study/install/my_first_package/lib/python3.10/site-packages:${PYTHONPATH} /usr/bin/python3 -W ignore:setup.py install is deprecated -W ignore:easy_install command is deprecated setup.py egg_info --egg-base ../../build/my_first_package build --build-base /home/injunsik/ros2_study/build/my_first_package/build install --record /home/injunsik/ros2_study/build/my_first_package/install.log --single-version-externally-managed install_data
