[0.932s] Invoking command in '/root/ROS2_Study/src/my_first_package': PYTHONPATH=/root/ROS2_Study/build/my_first_package/prefix_override:/root/ROS2_Study/install/my_first_package/lib/python3.10/site-packages:${PYTHONPATH} /usr/bin/python3 setup.py egg_info --egg-base ../../build/my_first_package build --build-base /root/ROS2_Study/build/my_first_package/build install --record /root/ROS2_Study/build/my_first_package/install.log --single-version-externally-managed
[1.144s] running egg_info
[1.145s] writing ../../build/my_first_package/my_first_package.egg-info/PKG-INFO
[1.145s] writing dependency_links to ../../build/my_first_package/my_first_package.egg-info/dependency_links.txt
[1.146s] writing entry points to ../../build/my_first_package/my_first_package.egg-info/entry_points.txt
[1.146s] writing requirements to ../../build/my_first_package/my_first_package.egg-info/requires.txt
[1.147s] writing top-level names to ../../build/my_first_package/my_first_package.egg-info/top_level.txt
[1.150s] reading manifest file '../../build/my_first_package/my_first_package.egg-info/SOURCES.txt'
[1.151s] writing manifest file '../../build/my_first_package/my_first_package.egg-info/SOURCES.txt'
[1.152s] running build
[1.153s] running build_py
[1.153s] running install
[1.154s] /usr/lib/python3/dist-packages/setuptools/command/install.py:34: SetuptoolsDeprecationWarning: setup.py install is deprecated. Use build and pip and other standards-based tools.
[1.155s]   warnings.warn(
[1.156s] running install_lib
[1.156s] running install_data
[1.156s] running install_egg_info
[1.159s] removing '/root/ROS2_Study/install/my_first_package/lib/python3.10/site-packages/my_first_package-0.0.0-py3.10.egg-info' (and everything under it)
[1.164s] Copying ../../build/my_first_package/my_first_package.egg-info to /root/ROS2_Study/install/my_first_package/lib/python3.10/site-packages/my_first_package-0.0.0-py3.10.egg-info
[1.182s] running install_scripts
[1.200s] Installing my_first_node script to /root/ROS2_Study/install/my_first_package/lib/my_first_package
[1.201s] Installing my_publisher script to /root/ROS2_Study/install/my_first_package/lib/my_first_package
[1.202s] Installing my_subscriber script to /root/ROS2_Study/install/my_first_package/lib/my_first_package
[1.202s] Installing turtle_cmd_and_pose script to /root/ROS2_Study/install/my_first_package/lib/my_first_package
[1.203s] writing list of installed files to '/root/ROS2_Study/build/my_first_package/install.log'
[1.234s] Invoked command in '/root/ROS2_Study/src/my_first_package' returned '0': PYTHONPATH=/root/ROS2_Study/build/my_first_package/prefix_override:/root/ROS2_Study/install/my_first_package/lib/python3.10/site-packages:${PYTHONPATH} /usr/bin/python3 setup.py egg_info --egg-base ../../build/my_first_package build --build-base /root/ROS2_Study/build/my_first_package/build install --record /root/ROS2_Study/build/my_first_package/install.log --single-version-externally-managed
