[0.380s] Invoking command in '/home/injunsik/ros2_study/build/my_first_package_msgs': CMAKE_PREFIX_PATH=${CMAKE_PREFIX_PATH}:/home/injunsik/ros2_study/install/my_first_package:/opt/ros/humble /usr/bin/cmake /home/injunsik/ros2_study/src/my_first_package_msgs -DCMAKE_INSTALL_PREFIX=/home/injunsik/ros2_study/install/my_first_package_msgs
[0.452s] -- The C compiler identification is GNU 11.4.0
[0.522s] -- The CXX compiler identification is GNU 11.4.0
[0.531s] -- Detecting C compiler ABI info
[0.611s] -- Detecting C compiler ABI info - done
[0.624s] -- Check for working C compiler: /usr/bin/cc - skipped
[0.625s] -- Detecting C compile features
[0.625s] -- Detecting C compile features - done
[0.630s] -- Detecting CXX compiler ABI info
[0.729s] -- Detecting CXX compiler ABI info - done
[0.741s] -- Check for working CXX compiler: /usr/bin/c++ - skipped
[0.741s] -- Detecting CXX compile features
[0.741s] -- Detecting CXX compile features - done
[0.745s] -- Found ament_cmake: 1.3.11 (/opt/ros/humble/share/ament_cmake/cmake)
[0.931s] -- Found Python3: /usr/bin/python3 (found version "3.10.12") found components: Interpreter 
[1.037s] -- Found rosidl_default_generators: 1.2.0 (/opt/ros/humble/share/rosidl_default_generators/cmake)
[1.042s] -- Using all available rosidl_typesupport_c: rosidl_typesupport_fastrtps_c;rosidl_typesupport_introspection_c
[1.050s] -- Found rosidl_adapter: 3.1.6 (/opt/ros/humble/share/rosidl_adapter/cmake)
[1.105s] -- Using all available rosidl_typesupport_cpp: rosidl_typesupport_fastrtps_cpp;rosidl_typesupport_introspection_cpp
[1.431s] -- Found ament_cmake_ros: 0.10.0 (/opt/ros/humble/share/ament_cmake_ros/cmake)
[1.595s] -- Using all available rosidl_typesupport_c: rosidl_typesupport_fastrtps_c;rosidl_typesupport_introspection_c
[1.807s] -- Using all available rosidl_typesupport_cpp: rosidl_typesupport_fastrtps_cpp;rosidl_typesupport_introspection_cpp
[1.833s] -- Found PythonInterp: /usr/bin/python3 (found suitable version "3.10.12", minimum required is "3.6") 
[1.834s] -- Found python_cmake_module: 0.10.0 (/opt/ros/humble/share/python_cmake_module/cmake)
[1.858s] -- Found PythonLibs: /usr/lib/aarch64-linux-gnu/libpython3.10.so (found suitable version "3.10.12", minimum required is "3.5") 
[1.858s] -- Using PYTHON_EXECUTABLE: /usr/bin/python3
[1.858s] -- Using PYTHON_INCLUDE_DIRS: /usr/include/python3.10
[1.858s] -- Using PYTHON_LIBRARIES: /usr/lib/aarch64-linux-gnu/libpython3.10.so
[1.880s] -- Found PythonExtra: .so  
[1.908s] -- Found ament_lint_auto: 0.12.12 (/opt/ros/humble/share/ament_lint_auto/cmake)
[1.929s] -- Added test 'lint_cmake' to check CMake code style
[1.930s] -- Added test 'xmllint' to check XML markup files
[1.932s] -- Configuring done
[1.954s] -- Generating done
[1.963s] -- Build files have been written to: /home/injunsik/ros2_study/build/my_first_package_msgs
[1.969s] Invoked command in '/home/injunsik/ros2_study/build/my_first_package_msgs' returned '0': CMAKE_PREFIX_PATH=${CMAKE_PREFIX_PATH}:/home/injunsik/ros2_study/install/my_first_package:/opt/ros/humble /usr/bin/cmake /home/injunsik/ros2_study/src/my_first_package_msgs -DCMAKE_INSTALL_PREFIX=/home/injunsik/ros2_study/install/my_first_package_msgs
[1.969s] Invoking command in '/home/injunsik/ros2_study/build/my_first_package_msgs': CMAKE_PREFIX_PATH=${CMAKE_PREFIX_PATH}:/home/injunsik/ros2_study/install/my_first_package:/opt/ros/humble /usr/bin/cmake --build /home/injunsik/ros2_study/build/my_first_package_msgs -- -j2 -l2
[1.995s] [  3%] [34m[1mGenerating C code for ROS interfaces[0m
[2.008s] [  6%] [34m[1mGenerating C++ code for ROS interfaces[0m
[2.241s] [  9%] [32mBuilding C object CMakeFiles/my_first_package_msgs__rosidl_generator_c.dir/rosidl_generator_c/my_first_package_msgs/msg/detail/cmd_and_pose_vel__functions.c.o[0m
[2.249s] [  9%] Built target my_first_package_msgs__cpp
[2.267s] [  9%] Built target ament_cmake_python_copy_my_first_package_msgs
[2.274s] [ 12%] [34m[1mGenerating C++ type support for eProsima Fast-RTPS[0m
[2.285s] [ 16%] [32m[1mLinking C shared library libmy_first_package_msgs__rosidl_generator_c.so[0m
[2.314s] [ 16%] Built target my_first_package_msgs__rosidl_generator_c
[2.324s] [ 19%] [34m[1mGenerating C++ introspection for ROS interfaces[0m
[2.512s] [ 22%] [32mBuilding CXX object CMakeFiles/my_first_package_msgs__rosidl_typesupport_fastrtps_cpp.dir/rosidl_typesupport_fastrtps_cpp/my_first_package_msgs/msg/detail/dds_fastrtps/cmd_and_pose_vel__type_support.cpp.o[0m
[2.558s] [ 25%] [32mBuilding CXX object CMakeFiles/my_first_package_msgs__rosidl_typesupport_introspection_cpp.dir/rosidl_typesupport_introspection_cpp/my_first_package_msgs/msg/detail/cmd_and_pose_vel__type_support.cpp.o[0m
[2.941s] [ 29%] [32m[1mLinking CXX shared library libmy_first_package_msgs__rosidl_typesupport_fastrtps_cpp.so[0m
[2.965s] [ 32%] [32m[1mLinking CXX shared library libmy_first_package_msgs__rosidl_typesupport_introspection_cpp.so[0m
[2.997s] [ 32%] Built target my_first_package_msgs__rosidl_typesupport_introspection_cpp
[3.000s] [ 32%] Built target my_first_package_msgs__rosidl_typesupport_fastrtps_cpp
[3.005s] [ 35%] [34m[1mGenerating C++ type support dispatch for ROS interfaces[0m
[3.007s] [ 38%] [34m[1mGenerating C type support for eProsima Fast-RTPS[0m
[3.221s] [ 41%] [32mBuilding CXX object CMakeFiles/my_first_package_msgs__rosidl_typesupport_cpp.dir/rosidl_typesupport_cpp/my_first_package_msgs/msg/cmd_and_pose_vel__type_support.cpp.o[0m
[3.251s] [ 45%] [32mBuilding CXX object CMakeFiles/my_first_package_msgs__rosidl_typesupport_fastrtps_c.dir/rosidl_typesupport_fastrtps_c/my_first_package_msgs/msg/detail/cmd_and_pose_vel__type_support_c.cpp.o[0m
[3.457s] [ 48%] [32m[1mLinking CXX shared library libmy_first_package_msgs__rosidl_typesupport_cpp.so[0m
[3.491s] [ 48%] Built target my_first_package_msgs__rosidl_typesupport_cpp
[3.498s] [ 51%] [34m[1mGenerating C introspection for ROS interfaces[0m
[3.538s] [ 54%] [32m[1mLinking CXX shared library libmy_first_package_msgs__rosidl_typesupport_fastrtps_c.so[0m
[3.611s] [ 54%] Built target my_first_package_msgs__rosidl_typesupport_fastrtps_c
[3.850s] [ 58%] [32mBuilding C object CMakeFiles/my_first_package_msgs__rosidl_typesupport_introspection_c.dir/rosidl_typesupport_introspection_c/my_first_package_msgs/msg/detail/cmd_and_pose_vel__type_support.c.o[0m
[3.900s] [ 61%] [32m[1mLinking C shared library libmy_first_package_msgs__rosidl_typesupport_introspection_c.so[0m
[3.941s] [ 61%] Built target my_first_package_msgs__rosidl_typesupport_introspection_c
[3.951s] [ 64%] [34m[1mGenerating C type support dispatch for ROS interfaces[0m
[4.003s] running egg_info
[4.004s] creating my_first_package_msgs.egg-info
[4.004s] writing my_first_package_msgs.egg-info/PKG-INFO
[4.004s] writing dependency_links to my_first_package_msgs.egg-info/dependency_links.txt
[4.005s] writing top-level names to my_first_package_msgs.egg-info/top_level.txt
[4.005s] writing manifest file 'my_first_package_msgs.egg-info/SOURCES.txt'
[4.007s] reading manifest file 'my_first_package_msgs.egg-info/SOURCES.txt'
[4.007s] writing manifest file 'my_first_package_msgs.egg-info/SOURCES.txt'
[4.040s] [ 64%] Built target ament_cmake_python_build_my_first_package_msgs_egg
[4.180s] [ 67%] [32mBuilding CXX object CMakeFiles/my_first_package_msgs__rosidl_typesupport_c.dir/rosidl_typesupport_c/my_first_package_msgs/msg/cmd_and_pose_vel__type_support.cpp.o[0m
[4.207s] [ 70%] [32m[1mLinking CXX shared library libmy_first_package_msgs__rosidl_typesupport_c.so[0m
[4.244s] [ 70%] Built target my_first_package_msgs__rosidl_typesupport_c
[4.260s] [ 70%] Built target my_first_package_msgs
[4.275s] [ 74%] [34m[1mGenerating Python code for ROS interfaces[0m
[4.569s] [ 74%] Built target my_first_package_msgs__py
[4.583s] [ 77%] [32mBuilding C object CMakeFiles/my_first_package_msgs__rosidl_generator_py.dir/rosidl_generator_py/my_first_package_msgs/msg/_cmd_and_pose_vel_s.c.o[0m
[4.721s] [ 80%] [32m[1mLinking C shared library rosidl_generator_py/my_first_package_msgs/libmy_first_package_msgs__rosidl_generator_py.so[0m
[4.799s] [ 80%] Built target my_first_package_msgs__rosidl_generator_py
[4.846s] [ 87%] [32mBuilding C object CMakeFiles/my_first_package_msgs__rosidl_typesupport_fastrtps_c__pyext.dir/rosidl_generator_py/my_first_package_msgs/_my_first_package_msgs_s.ep.rosidl_typesupport_fastrtps_c.c.o[0m
[4.847s] [ 87%] [32mBuilding C object CMakeFiles/my_first_package_msgs__rosidl_typesupport_introspection_c__pyext.dir/rosidl_generator_py/my_first_package_msgs/_my_first_package_msgs_s.ep.rosidl_typesupport_introspection_c.c.o[0m
[5.109s] [ 93%] [32m[1mLinking C shared library rosidl_generator_py/my_first_package_msgs/my_first_package_msgs_s__rosidl_typesupport_introspection_c.cpython-310-aarch64-linux-gnu.so[0m
[5.109s] [ 93%] [32m[1mLinking C shared library rosidl_generator_py/my_first_package_msgs/my_first_package_msgs_s__rosidl_typesupport_fastrtps_c.cpython-310-aarch64-linux-gnu.so[0m
[5.151s] [ 93%] Built target my_first_package_msgs__rosidl_typesupport_introspection_c__pyext
[5.154s] [ 93%] Built target my_first_package_msgs__rosidl_typesupport_fastrtps_c__pyext
[5.174s] [ 96%] [32mBuilding C object CMakeFiles/my_first_package_msgs__rosidl_typesupport_c__pyext.dir/rosidl_generator_py/my_first_package_msgs/_my_first_package_msgs_s.ep.rosidl_typesupport_c.c.o[0m
[5.315s] [100%] [32m[1mLinking C shared library rosidl_generator_py/my_first_package_msgs/my_first_package_msgs_s__rosidl_typesupport_c.cpython-310-aarch64-linux-gnu.so[0m
[5.359s] [100%] Built target my_first_package_msgs__rosidl_typesupport_c__pyext
[5.373s] Invoked command in '/home/injunsik/ros2_study/build/my_first_package_msgs' returned '0': CMAKE_PREFIX_PATH=${CMAKE_PREFIX_PATH}:/home/injunsik/ros2_study/install/my_first_package:/opt/ros/humble /usr/bin/cmake --build /home/injunsik/ros2_study/build/my_first_package_msgs -- -j2 -l2
[5.382s] Invoking command in '/home/injunsik/ros2_study/build/my_first_package_msgs': CMAKE_PREFIX_PATH=${CMAKE_PREFIX_PATH}:/home/injunsik/ros2_study/install/my_first_package:/opt/ros/humble /usr/bin/cmake --install /home/injunsik/ros2_study/build/my_first_package_msgs
[5.391s] -- Install configuration: ""
[5.391s] -- Installing: /home/injunsik/ros2_study/install/my_first_package_msgs/share/ament_index/resource_index/rosidl_interfaces/my_first_package_msgs
[5.392s] -- Installing: /home/injunsik/ros2_study/install/my_first_package_msgs/include/my_first_package_msgs/my_first_package_msgs
[5.392s] -- Installing: /home/injunsik/ros2_study/install/my_first_package_msgs/include/my_first_package_msgs/my_first_package_msgs/msg
[5.392s] -- Installing: /home/injunsik/ros2_study/install/my_first_package_msgs/include/my_first_package_msgs/my_first_package_msgs/msg/detail
[5.392s] -- Installing: /home/injunsik/ros2_study/install/my_first_package_msgs/include/my_first_package_msgs/my_first_package_msgs/msg/detail/cmd_and_pose_vel__functions.c
[5.393s] -- Installing: /home/injunsik/ros2_study/install/my_first_package_msgs/include/my_first_package_msgs/my_first_package_msgs/msg/detail/cmd_and_pose_vel__struct.h
[5.393s] -- Installing: /home/injunsik/ros2_study/install/my_first_package_msgs/include/my_first_package_msgs/my_first_package_msgs/msg/detail/cmd_and_pose_vel__functions.h
[5.393s] -- Installing: /home/injunsik/ros2_study/install/my_first_package_msgs/include/my_first_package_msgs/my_first_package_msgs/msg/detail/cmd_and_pose_vel__type_support.h
[5.393s] -- Installing: /home/injunsik/ros2_study/install/my_first_package_msgs/include/my_first_package_msgs/my_first_package_msgs/msg/cmd_and_pose_vel.h
[5.393s] -- Installing: /home/injunsik/ros2_study/install/my_first_package_msgs/include/my_first_package_msgs/my_first_package_msgs/msg/rosidl_generator_c__visibility_control.h
[5.394s] -- Installing: /home/injunsik/ros2_study/install/my_first_package_msgs/share/my_first_package_msgs/environment/library_path.sh
[5.394s] -- Installing: /home/injunsik/ros2_study/install/my_first_package_msgs/share/my_first_package_msgs/environment/library_path.dsv
[5.394s] -- Installing: /home/injunsik/ros2_study/install/my_first_package_msgs/lib/libmy_first_package_msgs__rosidl_generator_c.so
[5.395s] -- Set runtime path of "/home/injunsik/ros2_study/install/my_first_package_msgs/lib/libmy_first_package_msgs__rosidl_generator_c.so" to ""
[5.395s] -- Up-to-date: /home/injunsik/ros2_study/install/my_first_package_msgs/include/my_first_package_msgs/my_first_package_msgs
[5.395s] -- Up-to-date: /home/injunsik/ros2_study/install/my_first_package_msgs/include/my_first_package_msgs/my_first_package_msgs/msg
[5.395s] -- Installing: /home/injunsik/ros2_study/install/my_first_package_msgs/include/my_first_package_msgs/my_first_package_msgs/msg/rosidl_typesupport_fastrtps_c__visibility_control.h
[5.395s] -- Up-to-date: /home/injunsik/ros2_study/install/my_first_package_msgs/include/my_first_package_msgs/my_first_package_msgs/msg/detail
[5.395s] -- Installing: /home/injunsik/ros2_study/install/my_first_package_msgs/include/my_first_package_msgs/my_first_package_msgs/msg/detail/cmd_and_pose_vel__rosidl_typesupport_fastrtps_c.h
[5.395s] -- Installing: /home/injunsik/ros2_study/install/my_first_package_msgs/lib/libmy_first_package_msgs__rosidl_typesupport_fastrtps_c.so
[5.396s] -- Set runtime path of "/home/injunsik/ros2_study/install/my_first_package_msgs/lib/libmy_first_package_msgs__rosidl_typesupport_fastrtps_c.so" to ""
[5.396s] -- Up-to-date: /home/injunsik/ros2_study/install/my_first_package_msgs/include/my_first_package_msgs/my_first_package_msgs
[5.396s] -- Up-to-date: /home/injunsik/ros2_study/install/my_first_package_msgs/include/my_first_package_msgs/my_first_package_msgs/msg
[5.396s] -- Installing: /home/injunsik/ros2_study/install/my_first_package_msgs/include/my_first_package_msgs/my_first_package_msgs/msg/rosidl_typesupport_introspection_c__visibility_control.h
[5.396s] -- Up-to-date: /home/injunsik/ros2_study/install/my_first_package_msgs/include/my_first_package_msgs/my_first_package_msgs/msg/detail
[5.396s] -- Installing: /home/injunsik/ros2_study/install/my_first_package_msgs/include/my_first_package_msgs/my_first_package_msgs/msg/detail/cmd_and_pose_vel__type_support.c
[5.396s] -- Installing: /home/injunsik/ros2_study/install/my_first_package_msgs/include/my_first_package_msgs/my_first_package_msgs/msg/detail/cmd_and_pose_vel__rosidl_typesupport_introspection_c.h
[5.397s] -- Installing: /home/injunsik/ros2_study/install/my_first_package_msgs/lib/libmy_first_package_msgs__rosidl_typesupport_introspection_c.so
[5.397s] -- Set runtime path of "/home/injunsik/ros2_study/install/my_first_package_msgs/lib/libmy_first_package_msgs__rosidl_typesupport_introspection_c.so" to ""
[5.397s] -- Installing: /home/injunsik/ros2_study/install/my_first_package_msgs/lib/libmy_first_package_msgs__rosidl_typesupport_c.so
[5.398s] -- Set runtime path of "/home/injunsik/ros2_study/install/my_first_package_msgs/lib/libmy_first_package_msgs__rosidl_typesupport_c.so" to ""
[5.398s] -- Up-to-date: /home/injunsik/ros2_study/install/my_first_package_msgs/include/my_first_package_msgs/my_first_package_msgs
[5.398s] -- Up-to-date: /home/injunsik/ros2_study/install/my_first_package_msgs/include/my_first_package_msgs/my_first_package_msgs/msg
[5.398s] -- Installing: /home/injunsik/ros2_study/install/my_first_package_msgs/include/my_first_package_msgs/my_first_package_msgs/msg/cmd_and_pose_vel.hpp
[5.399s] -- Installing: /home/injunsik/ros2_study/install/my_first_package_msgs/include/my_first_package_msgs/my_first_package_msgs/msg/rosidl_generator_cpp__visibility_control.hpp
[5.399s] -- Up-to-date: /home/injunsik/ros2_study/install/my_first_package_msgs/include/my_first_package_msgs/my_first_package_msgs/msg/detail
[5.399s] -- Installing: /home/injunsik/ros2_study/install/my_first_package_msgs/include/my_first_package_msgs/my_first_package_msgs/msg/detail/cmd_and_pose_vel__traits.hpp
[5.399s] -- Installing: /home/injunsik/ros2_study/install/my_first_package_msgs/include/my_first_package_msgs/my_first_package_msgs/msg/detail/cmd_and_pose_vel__struct.hpp
[5.399s] -- Installing: /home/injunsik/ros2_study/install/my_first_package_msgs/include/my_first_package_msgs/my_first_package_msgs/msg/detail/cmd_and_pose_vel__builder.hpp
[5.399s] -- Installing: /home/injunsik/ros2_study/install/my_first_package_msgs/include/my_first_package_msgs/my_first_package_msgs/msg/detail/cmd_and_pose_vel__type_support.hpp
[5.400s] -- Up-to-date: /home/injunsik/ros2_study/install/my_first_package_msgs/include/my_first_package_msgs/my_first_package_msgs
[5.400s] -- Up-to-date: /home/injunsik/ros2_study/install/my_first_package_msgs/include/my_first_package_msgs/my_first_package_msgs/msg
[5.400s] -- Installing: /home/injunsik/ros2_study/install/my_first_package_msgs/include/my_first_package_msgs/my_first_package_msgs/msg/rosidl_typesupport_fastrtps_cpp__visibility_control.h
[5.400s] -- Up-to-date: /home/injunsik/ros2_study/install/my_first_package_msgs/include/my_first_package_msgs/my_first_package_msgs/msg/detail
[5.400s] -- Installing: /home/injunsik/ros2_study/install/my_first_package_msgs/include/my_first_package_msgs/my_first_package_msgs/msg/detail/cmd_and_pose_vel__rosidl_typesupport_fastrtps_cpp.hpp
[5.400s] -- Installing: /home/injunsik/ros2_study/install/my_first_package_msgs/include/my_first_package_msgs/my_first_package_msgs/msg/detail/dds_fastrtps
[5.400s] -- Installing: /home/injunsik/ros2_study/install/my_first_package_msgs/lib/libmy_first_package_msgs__rosidl_typesupport_fastrtps_cpp.so
[5.400s] -- Set runtime path of "/home/injunsik/ros2_study/install/my_first_package_msgs/lib/libmy_first_package_msgs__rosidl_typesupport_fastrtps_cpp.so" to ""
[5.401s] -- Up-to-date: /home/injunsik/ros2_study/install/my_first_package_msgs/include/my_first_package_msgs/my_first_package_msgs
[5.401s] -- Up-to-date: /home/injunsik/ros2_study/install/my_first_package_msgs/include/my_first_package_msgs/my_first_package_msgs/msg
[5.401s] -- Up-to-date: /home/injunsik/ros2_study/install/my_first_package_msgs/include/my_first_package_msgs/my_first_package_msgs/msg/detail
[5.401s] -- Installing: /home/injunsik/ros2_study/install/my_first_package_msgs/include/my_first_package_msgs/my_first_package_msgs/msg/detail/cmd_and_pose_vel__type_support.cpp
[5.401s] -- Installing: /home/injunsik/ros2_study/install/my_first_package_msgs/include/my_first_package_msgs/my_first_package_msgs/msg/detail/cmd_and_pose_vel__rosidl_typesupport_introspection_cpp.hpp
[5.401s] -- Installing: /home/injunsik/ros2_study/install/my_first_package_msgs/lib/libmy_first_package_msgs__rosidl_typesupport_introspection_cpp.so
[5.402s] -- Set runtime path of "/home/injunsik/ros2_study/install/my_first_package_msgs/lib/libmy_first_package_msgs__rosidl_typesupport_introspection_cpp.so" to ""
[5.402s] -- Installing: /home/injunsik/ros2_study/install/my_first_package_msgs/lib/libmy_first_package_msgs__rosidl_typesupport_cpp.so
[5.403s] -- Set runtime path of "/home/injunsik/ros2_study/install/my_first_package_msgs/lib/libmy_first_package_msgs__rosidl_typesupport_cpp.so" to ""
[5.403s] -- Installing: /home/injunsik/ros2_study/install/my_first_package_msgs/share/my_first_package_msgs/environment/pythonpath.sh
[5.403s] -- Installing: /home/injunsik/ros2_study/install/my_first_package_msgs/share/my_first_package_msgs/environment/pythonpath.dsv
[5.403s] -- Installing: /home/injunsik/ros2_study/install/my_first_package_msgs/local/lib/python3.10/dist-packages/my_first_package_msgs-0.0.0-py3.10.egg-info
[5.403s] -- Installing: /home/injunsik/ros2_study/install/my_first_package_msgs/local/lib/python3.10/dist-packages/my_first_package_msgs-0.0.0-py3.10.egg-info/dependency_links.txt
[5.403s] -- Installing: /home/injunsik/ros2_study/install/my_first_package_msgs/local/lib/python3.10/dist-packages/my_first_package_msgs-0.0.0-py3.10.egg-info/SOURCES.txt
[5.404s] -- Installing: /home/injunsik/ros2_study/install/my_first_package_msgs/local/lib/python3.10/dist-packages/my_first_package_msgs-0.0.0-py3.10.egg-info/PKG-INFO
[5.404s] -- Installing: /home/injunsik/ros2_study/install/my_first_package_msgs/local/lib/python3.10/dist-packages/my_first_package_msgs-0.0.0-py3.10.egg-info/top_level.txt
[5.404s] -- Installing: /home/injunsik/ros2_study/install/my_first_package_msgs/local/lib/python3.10/dist-packages/my_first_package_msgs
[5.404s] -- Installing: /home/injunsik/ros2_study/install/my_first_package_msgs/local/lib/python3.10/dist-packages/my_first_package_msgs/my_first_package_msgs_s__rosidl_typesupport_introspection_c.cpython-310-aarch64-linux-gnu.so
[5.404s] -- Installing: /home/injunsik/ros2_study/install/my_first_package_msgs/local/lib/python3.10/dist-packages/my_first_package_msgs/__init__.py
[5.404s] -- Installing: /home/injunsik/ros2_study/install/my_first_package_msgs/local/lib/python3.10/dist-packages/my_first_package_msgs/libmy_first_package_msgs__rosidl_generator_py.so
[5.404s] -- Installing: /home/injunsik/ros2_study/install/my_first_package_msgs/local/lib/python3.10/dist-packages/my_first_package_msgs/_my_first_package_msgs_s.ep.rosidl_typesupport_fastrtps_c.c
[5.404s] -- Installing: /home/injunsik/ros2_study/install/my_first_package_msgs/local/lib/python3.10/dist-packages/my_first_package_msgs/msg
[5.404s] -- Installing: /home/injunsik/ros2_study/install/my_first_package_msgs/local/lib/python3.10/dist-packages/my_first_package_msgs/msg/__init__.py
[5.405s] -- Installing: /home/injunsik/ros2_study/install/my_first_package_msgs/local/lib/python3.10/dist-packages/my_first_package_msgs/msg/_cmd_and_pose_vel_s.c
[5.405s] -- Installing: /home/injunsik/ros2_study/install/my_first_package_msgs/local/lib/python3.10/dist-packages/my_first_package_msgs/msg/_cmd_and_pose_vel.py
[5.405s] -- Installing: /home/injunsik/ros2_study/install/my_first_package_msgs/local/lib/python3.10/dist-packages/my_first_package_msgs/my_first_package_msgs_s__rosidl_typesupport_fastrtps_c.cpython-310-aarch64-linux-gnu.so
[5.405s] -- Installing: /home/injunsik/ros2_study/install/my_first_package_msgs/local/lib/python3.10/dist-packages/my_first_package_msgs/my_first_package_msgs_s__rosidl_typesupport_c.cpython-310-aarch64-linux-gnu.so
[5.405s] -- Installing: /home/injunsik/ros2_study/install/my_first_package_msgs/local/lib/python3.10/dist-packages/my_first_package_msgs/_my_first_package_msgs_s.ep.rosidl_typesupport_c.c
[5.405s] -- Installing: /home/injunsik/ros2_study/install/my_first_package_msgs/local/lib/python3.10/dist-packages/my_first_package_msgs/_my_first_package_msgs_s.ep.rosidl_typesupport_introspection_c.c
[5.470s] Listing '/home/injunsik/ros2_study/install/my_first_package_msgs/local/lib/python3.10/dist-packages/my_first_package_msgs'...
[5.470s] Compiling '/home/injunsik/ros2_study/install/my_first_package_msgs/local/lib/python3.10/dist-packages/my_first_package_msgs/__init__.py'...
[5.470s] Listing '/home/injunsik/ros2_study/install/my_first_package_msgs/local/lib/python3.10/dist-packages/my_first_package_msgs/msg'...
[5.470s] Compiling '/home/injunsik/ros2_study/install/my_first_package_msgs/local/lib/python3.10/dist-packages/my_first_package_msgs/msg/__init__.py'...
[5.471s] Compiling '/home/injunsik/ros2_study/install/my_first_package_msgs/local/lib/python3.10/dist-packages/my_first_package_msgs/msg/_cmd_and_pose_vel.py'...
[5.478s] -- Installing: /home/injunsik/ros2_study/install/my_first_package_msgs/local/lib/python3.10/dist-packages/my_first_package_msgs/my_first_package_msgs_s__rosidl_typesupport_fastrtps_c.cpython-310-aarch64-linux-gnu.so
[5.478s] -- Set runtime path of "/home/injunsik/ros2_study/install/my_first_package_msgs/local/lib/python3.10/dist-packages/my_first_package_msgs/my_first_package_msgs_s__rosidl_typesupport_fastrtps_c.cpython-310-aarch64-linux-gnu.so" to ""
[5.479s] -- Installing: /home/injunsik/ros2_study/install/my_first_package_msgs/local/lib/python3.10/dist-packages/my_first_package_msgs/my_first_package_msgs_s__rosidl_typesupport_introspection_c.cpython-310-aarch64-linux-gnu.so
[5.479s] -- Set runtime path of "/home/injunsik/ros2_study/install/my_first_package_msgs/local/lib/python3.10/dist-packages/my_first_package_msgs/my_first_package_msgs_s__rosidl_typesupport_introspection_c.cpython-310-aarch64-linux-gnu.so" to ""
[5.479s] -- Installing: /home/injunsik/ros2_study/install/my_first_package_msgs/local/lib/python3.10/dist-packages/my_first_package_msgs/my_first_package_msgs_s__rosidl_typesupport_c.cpython-310-aarch64-linux-gnu.so
[5.480s] -- Set runtime path of "/home/injunsik/ros2_study/install/my_first_package_msgs/local/lib/python3.10/dist-packages/my_first_package_msgs/my_first_package_msgs_s__rosidl_typesupport_c.cpython-310-aarch64-linux-gnu.so" to ""
[5.480s] -- Installing: /home/injunsik/ros2_study/install/my_first_package_msgs/lib/libmy_first_package_msgs__rosidl_generator_py.so
[5.480s] -- Set runtime path of "/home/injunsik/ros2_study/install/my_first_package_msgs/lib/libmy_first_package_msgs__rosidl_generator_py.so" to ""
[5.480s] -- Installing: /home/injunsik/ros2_study/install/my_first_package_msgs/share/my_first_package_msgs/msg/CmdAndPoseVel.idl
[5.481s] -- Installing: /home/injunsik/ros2_study/install/my_first_package_msgs/share/my_first_package_msgs/msg/CmdAndPoseVel.msg
[5.481s] -- Installing: /home/injunsik/ros2_study/install/my_first_package_msgs/share/ament_index/resource_index/package_run_dependencies/my_first_package_msgs
[5.481s] -- Installing: /home/injunsik/ros2_study/install/my_first_package_msgs/share/ament_index/resource_index/parent_prefix_path/my_first_package_msgs
[5.481s] -- Installing: /home/injunsik/ros2_study/install/my_first_package_msgs/share/my_first_package_msgs/environment/ament_prefix_path.sh
[5.481s] -- Installing: /home/injunsik/ros2_study/install/my_first_package_msgs/share/my_first_package_msgs/environment/ament_prefix_path.dsv
[5.482s] -- Installing: /home/injunsik/ros2_study/install/my_first_package_msgs/share/my_first_package_msgs/environment/path.sh
[5.482s] -- Installing: /home/injunsik/ros2_study/install/my_first_package_msgs/share/my_first_package_msgs/environment/path.dsv
[5.482s] -- Installing: /home/injunsik/ros2_study/install/my_first_package_msgs/share/my_first_package_msgs/local_setup.bash
[5.482s] -- Installing: /home/injunsik/ros2_study/install/my_first_package_msgs/share/my_first_package_msgs/local_setup.sh
[5.482s] -- Installing: /home/injunsik/ros2_study/install/my_first_package_msgs/share/my_first_package_msgs/local_setup.zsh
[5.483s] -- Installing: /home/injunsik/ros2_study/install/my_first_package_msgs/share/my_first_package_msgs/local_setup.dsv
[5.483s] -- Installing: /home/injunsik/ros2_study/install/my_first_package_msgs/share/my_first_package_msgs/package.dsv
[5.483s] -- Installing: /home/injunsik/ros2_study/install/my_first_package_msgs/share/ament_index/resource_index/packages/my_first_package_msgs
[5.483s] -- Installing: /home/injunsik/ros2_study/install/my_first_package_msgs/share/my_first_package_msgs/cmake/export_my_first_package_msgs__rosidl_generator_cExport.cmake
[5.483s] -- Installing: /home/injunsik/ros2_study/install/my_first_package_msgs/share/my_first_package_msgs/cmake/export_my_first_package_msgs__rosidl_generator_cExport-noconfig.cmake
[5.483s] -- Installing: /home/injunsik/ros2_study/install/my_first_package_msgs/share/my_first_package_msgs/cmake/export_my_first_package_msgs__rosidl_typesupport_fastrtps_cExport.cmake
[5.484s] -- Installing: /home/injunsik/ros2_study/install/my_first_package_msgs/share/my_first_package_msgs/cmake/export_my_first_package_msgs__rosidl_typesupport_fastrtps_cExport-noconfig.cmake
[5.484s] -- Installing: /home/injunsik/ros2_study/install/my_first_package_msgs/share/my_first_package_msgs/cmake/my_first_package_msgs__rosidl_typesupport_introspection_cExport.cmake
[5.484s] -- Installing: /home/injunsik/ros2_study/install/my_first_package_msgs/share/my_first_package_msgs/cmake/my_first_package_msgs__rosidl_typesupport_introspection_cExport-noconfig.cmake
[5.484s] -- Installing: /home/injunsik/ros2_study/install/my_first_package_msgs/share/my_first_package_msgs/cmake/my_first_package_msgs__rosidl_typesupport_cExport.cmake
[5.484s] -- Installing: /home/injunsik/ros2_study/install/my_first_package_msgs/share/my_first_package_msgs/cmake/my_first_package_msgs__rosidl_typesupport_cExport-noconfig.cmake
[5.484s] -- Installing: /home/injunsik/ros2_study/install/my_first_package_msgs/share/my_first_package_msgs/cmake/export_my_first_package_msgs__rosidl_generator_cppExport.cmake
[5.485s] -- Installing: /home/injunsik/ros2_study/install/my_first_package_msgs/share/my_first_package_msgs/cmake/export_my_first_package_msgs__rosidl_typesupport_fastrtps_cppExport.cmake
[5.485s] -- Installing: /home/injunsik/ros2_study/install/my_first_package_msgs/share/my_first_package_msgs/cmake/export_my_first_package_msgs__rosidl_typesupport_fastrtps_cppExport-noconfig.cmake
[5.486s] -- Installing: /home/injunsik/ros2_study/install/my_first_package_msgs/share/my_first_package_msgs/cmake/my_first_package_msgs__rosidl_typesupport_introspection_cppExport.cmake
[5.486s] -- Installing: /home/injunsik/ros2_study/install/my_first_package_msgs/share/my_first_package_msgs/cmake/my_first_package_msgs__rosidl_typesupport_introspection_cppExport-noconfig.cmake
[5.486s] -- Installing: /home/injunsik/ros2_study/install/my_first_package_msgs/share/my_first_package_msgs/cmake/my_first_package_msgs__rosidl_typesupport_cppExport.cmake
[5.486s] -- Installing: /home/injunsik/ros2_study/install/my_first_package_msgs/share/my_first_package_msgs/cmake/my_first_package_msgs__rosidl_typesupport_cppExport-noconfig.cmake
[5.486s] -- Installing: /home/injunsik/ros2_study/install/my_first_package_msgs/share/my_first_package_msgs/cmake/export_my_first_package_msgs__rosidl_generator_pyExport.cmake
[5.486s] -- Installing: /home/injunsik/ros2_study/install/my_first_package_msgs/share/my_first_package_msgs/cmake/export_my_first_package_msgs__rosidl_generator_pyExport-noconfig.cmake
[5.486s] -- Installing: /home/injunsik/ros2_study/install/my_first_package_msgs/share/my_first_package_msgs/cmake/rosidl_cmake-extras.cmake
[5.486s] -- Installing: /home/injunsik/ros2_study/install/my_first_package_msgs/share/my_first_package_msgs/cmake/ament_cmake_export_include_directories-extras.cmake
[5.486s] -- Installing: /home/injunsik/ros2_study/install/my_first_package_msgs/share/my_first_package_msgs/cmake/ament_cmake_export_libraries-extras.cmake
[5.486s] -- Installing: /home/injunsik/ros2_study/install/my_first_package_msgs/share/my_first_package_msgs/cmake/ament_cmake_export_targets-extras.cmake
[5.487s] -- Installing: /home/injunsik/ros2_study/install/my_first_package_msgs/share/my_first_package_msgs/cmake/rosidl_cmake_export_typesupport_targets-extras.cmake
[5.487s] -- Installing: /home/injunsik/ros2_study/install/my_first_package_msgs/share/my_first_package_msgs/cmake/ament_cmake_export_dependencies-extras.cmake
[5.487s] -- Installing: /home/injunsik/ros2_study/install/my_first_package_msgs/share/my_first_package_msgs/cmake/rosidl_cmake_export_typesupport_libraries-extras.cmake
[5.487s] -- Installing: /home/injunsik/ros2_study/install/my_first_package_msgs/share/my_first_package_msgs/cmake/my_first_package_msgsConfig.cmake
[5.487s] -- Installing: /home/injunsik/ros2_study/install/my_first_package_msgs/share/my_first_package_msgs/cmake/my_first_package_msgsConfig-version.cmake
[5.487s] -- Installing: /home/injunsik/ros2_study/install/my_first_package_msgs/share/my_first_package_msgs/package.xml
[5.491s] Invoked command in '/home/injunsik/ros2_study/build/my_first_package_msgs' returned '0': CMAKE_PREFIX_PATH=${CMAKE_PREFIX_PATH}:/home/injunsik/ros2_study/install/my_first_package:/opt/ros/humble /usr/bin/cmake --install /home/injunsik/ros2_study/build/my_first_package_msgs
