[0.617s] DEBUG:colcon:Command line arguments: ['/usr/bin/colcon', 'build']
[0.618s] DEBUG:colcon:Parsed command line arguments: Namespace(log_base=None, log_level=None, verb_name='build', build_base='build', install_base='install', merge_install=False, symlink_install=False, test_result_base=None, continue_on_error=False, executor='parallel', parallel_workers=2, event_handlers=None, ignore_user_meta=False, metas=['./colcon.meta'], base_paths=['.'], packages_ignore=None, packages_ignore_regex=None, paths=None, packages_up_to=None, packages_up_to_regex=None, packages_above=None, packages_above_and_dependencies=None, packages_above_depth=None, packages_select_by_dep=None, packages_skip_by_dep=None, packages_skip_up_to=None, packages_select_build_failed=False, packages_skip_build_finished=False, packages_select_test_failures=False, packages_skip_test_passed=False, packages_select=None, packages_skip=None, packages_select_regex=None, packages_skip_regex=None, packages_start=None, packages_end=None, allow_overriding=[], cmake_args=None, cmake_target=None, cmake_target_skip_unavailable=False, cmake_clean_cache=False, cmake_clean_first=False, cmake_force_configure=False, ament_cmake_args=None, catkin_cmake_args=None, catkin_skip_building_tests=False, mixin_files=None, mixin=None, verb_parser=<colcon_mixin.mixin.mixin_argument.MixinArgumentDecorator object at 0xffffaea7ba60>, verb_extension=<colcon_core.verb.build.BuildVerb object at 0xffffaea7b3d0>, main=<bound method BuildVerb.main of <colcon_core.verb.build.BuildVerb object at 0xffffaea7b3d0>>, mixin_verb=('build',))
[1.129s] Level 1:colcon.colcon_core.package_discovery:discover_packages(colcon_meta) check parameters
[1.129s] Level 1:colcon.colcon_core.package_discovery:discover_packages(recursive) check parameters
[1.129s] Level 1:colcon.colcon_core.package_discovery:discover_packages(ignore) check parameters
[1.129s] Level 1:colcon.colcon_core.package_discovery:discover_packages(path) check parameters
[1.129s] Level 1:colcon.colcon_core.package_discovery:discover_packages(colcon_meta) discover
[1.129s] Level 1:colcon.colcon_core.package_discovery:discover_packages(recursive) discover
[1.130s] INFO:colcon.colcon_core.package_discovery:Crawling recursively for packages in '/home/injunsik/ros2_study'
[1.130s] Level 1:colcon.colcon_core.package_identification:_identify(.) by extensions ['ignore', 'ignore_ament_install']
[1.130s] Level 1:colcon.colcon_core.package_identification:_identify(.) by extension 'ignore'
[1.130s] Level 1:colcon.colcon_core.package_identification:_identify(.) by extension 'ignore_ament_install'
[1.130s] Level 1:colcon.colcon_core.package_identification:_identify(.) by extensions ['colcon_pkg']
[1.130s] Level 1:colcon.colcon_core.package_identification:_identify(.) by extension 'colcon_pkg'
[1.130s] Level 1:colcon.colcon_core.package_identification:_identify(.) by extensions ['colcon_meta']
[1.130s] Level 1:colcon.colcon_core.package_identification:_identify(.) by extension 'colcon_meta'
[1.130s] Level 1:colcon.colcon_core.package_identification:_identify(.) by extensions ['ros']
[1.130s] Level 1:colcon.colcon_core.package_identification:_identify(.) by extension 'ros'
[1.146s] Level 1:colcon.colcon_core.package_identification:_identify(.) by extensions ['cmake', 'python']
[1.146s] Level 1:colcon.colcon_core.package_identification:_identify(.) by extension 'cmake'
[1.146s] Level 1:colcon.colcon_core.package_identification:_identify(.) by extension 'python'
[1.146s] Level 1:colcon.colcon_core.package_identification:_identify(.) by extensions ['python_setup_py']
[1.146s] Level 1:colcon.colcon_core.package_identification:_identify(.) by extension 'python_setup_py'
[1.146s] Level 1:colcon.colcon_core.package_identification:_identify(build) by extensions ['ignore', 'ignore_ament_install']
[1.146s] Level 1:colcon.colcon_core.package_identification:_identify(build) by extension 'ignore'
[1.146s] Level 1:colcon.colcon_core.package_identification:_identify(build) ignored
[1.147s] Level 1:colcon.colcon_core.package_identification:_identify(install) by extensions ['ignore', 'ignore_ament_install']
[1.147s] Level 1:colcon.colcon_core.package_identification:_identify(install) by extension 'ignore'
[1.147s] Level 1:colcon.colcon_core.package_identification:_identify(install) ignored
[1.147s] Level 1:colcon.colcon_core.package_identification:_identify(log) by extensions ['ignore', 'ignore_ament_install']
[1.147s] Level 1:colcon.colcon_core.package_identification:_identify(log) by extension 'ignore'
[1.147s] Level 1:colcon.colcon_core.package_identification:_identify(log) ignored
[1.147s] Level 1:colcon.colcon_core.package_identification:_identify(src) by extensions ['ignore', 'ignore_ament_install']
[1.147s] Level 1:colcon.colcon_core.package_identification:_identify(src) by extension 'ignore'
[1.147s] Level 1:colcon.colcon_core.package_identification:_identify(src) by extension 'ignore_ament_install'
[1.147s] Level 1:colcon.colcon_core.package_identification:_identify(src) by extensions ['colcon_pkg']
[1.147s] Level 1:colcon.colcon_core.package_identification:_identify(src) by extension 'colcon_pkg'
[1.147s] Level 1:colcon.colcon_core.package_identification:_identify(src) by extensions ['colcon_meta']
[1.147s] Level 1:colcon.colcon_core.package_identification:_identify(src) by extension 'colcon_meta'
[1.147s] Level 1:colcon.colcon_core.package_identification:_identify(src) by extensions ['ros']
[1.147s] Level 1:colcon.colcon_core.package_identification:_identify(src) by extension 'ros'
[1.148s] Level 1:colcon.colcon_core.package_identification:_identify(src) by extensions ['cmake', 'python']
[1.148s] Level 1:colcon.colcon_core.package_identification:_identify(src) by extension 'cmake'
[1.148s] Level 1:colcon.colcon_core.package_identification:_identify(src) by extension 'python'
[1.148s] Level 1:colcon.colcon_core.package_identification:_identify(src) by extensions ['python_setup_py']
[1.148s] Level 1:colcon.colcon_core.package_identification:_identify(src) by extension 'python_setup_py'
[1.148s] Level 1:colcon.colcon_core.package_identification:_identify(src/build) by extensions ['ignore', 'ignore_ament_install']
[1.148s] Level 1:colcon.colcon_core.package_identification:_identify(src/build) by extension 'ignore'
[1.148s] Level 1:colcon.colcon_core.package_identification:_identify(src/build) ignored
[1.148s] Level 1:colcon.colcon_core.package_identification:_identify(src/install) by extensions ['ignore', 'ignore_ament_install']
[1.148s] Level 1:colcon.colcon_core.package_identification:_identify(src/install) by extension 'ignore'
[1.148s] Level 1:colcon.colcon_core.package_identification:_identify(src/install) ignored
[1.148s] Level 1:colcon.colcon_core.package_identification:_identify(src/log) by extensions ['ignore', 'ignore_ament_install']
[1.148s] Level 1:colcon.colcon_core.package_identification:_identify(src/log) by extension 'ignore'
[1.148s] Level 1:colcon.colcon_core.package_identification:_identify(src/log) ignored
[1.148s] Level 1:colcon.colcon_core.package_identification:_identify(src/my_first_package) by extensions ['ignore', 'ignore_ament_install']
[1.148s] Level 1:colcon.colcon_core.package_identification:_identify(src/my_first_package) by extension 'ignore'
[1.148s] Level 1:colcon.colcon_core.package_identification:_identify(src/my_first_package) by extension 'ignore_ament_install'
[1.148s] Level 1:colcon.colcon_core.package_identification:_identify(src/my_first_package) by extensions ['colcon_pkg']
[1.149s] Level 1:colcon.colcon_core.package_identification:_identify(src/my_first_package) by extension 'colcon_pkg'
[1.149s] Level 1:colcon.colcon_core.package_identification:_identify(src/my_first_package) by extensions ['colcon_meta']
[1.149s] Level 1:colcon.colcon_core.package_identification:_identify(src/my_first_package) by extension 'colcon_meta'
[1.149s] Level 1:colcon.colcon_core.package_identification:_identify(src/my_first_package) by extensions ['ros']
[1.149s] Level 1:colcon.colcon_core.package_identification:_identify(src/my_first_package) by extension 'ros'
[1.152s] DEBUG:colcon.colcon_core.package_identification:Package 'src/my_first_package' with type 'ros.ament_python' and name 'my_first_package'
[1.152s] Level 1:colcon.colcon_core.package_identification:_identify(src/my_first_package_msgs) by extensions ['ignore', 'ignore_ament_install']
[1.152s] Level 1:colcon.colcon_core.package_identification:_identify(src/my_first_package_msgs) by extension 'ignore'
[1.152s] Level 1:colcon.colcon_core.package_identification:_identify(src/my_first_package_msgs) by extension 'ignore_ament_install'
[1.152s] Level 1:colcon.colcon_core.package_identification:_identify(src/my_first_package_msgs) by extensions ['colcon_pkg']
[1.152s] Level 1:colcon.colcon_core.package_identification:_identify(src/my_first_package_msgs) by extension 'colcon_pkg'
[1.152s] Level 1:colcon.colcon_core.package_identification:_identify(src/my_first_package_msgs) by extensions ['colcon_meta']
[1.152s] Level 1:colcon.colcon_core.package_identification:_identify(src/my_first_package_msgs) by extension 'colcon_meta'
[1.152s] Level 1:colcon.colcon_core.package_identification:_identify(src/my_first_package_msgs) by extensions ['ros']
[1.152s] Level 1:colcon.colcon_core.package_identification:_identify(src/my_first_package_msgs) by extension 'ros'
[1.167s] DEBUG:colcon.colcon_core.package_identification:Package 'src/my_first_package_msgs' with type 'ros.ament_cmake' and name 'my_first_package_msgs'
[1.167s] Level 1:colcon.colcon_core.package_discovery:discover_packages(recursive) using defaults
[1.167s] Level 1:colcon.colcon_core.package_discovery:discover_packages(ignore) discover
[1.167s] Level 1:colcon.colcon_core.package_discovery:discover_packages(ignore) using defaults
[1.167s] Level 1:colcon.colcon_core.package_discovery:discover_packages(path) discover
[1.167s] Level 1:colcon.colcon_core.package_discovery:discover_packages(path) using defaults
[1.197s] Level 1:colcon.colcon_core.package_discovery:discover_packages(prefix_path) check parameters
[1.197s] Level 1:colcon.colcon_core.package_discovery:discover_packages(prefix_path) discover
[1.198s] WARNING:colcon.colcon_ros.prefix_path.ament:The path '/home/injunsik/ros2_study/install/my_first_package_msgs' in the environment variable AMENT_PREFIX_PATH doesn't exist
[1.198s] WARNING:colcon.colcon_ros.prefix_path.ament:The path '/home/injunsik/ros2_study/install/my_first_package' in the environment variable AMENT_PREFIX_PATH doesn't exist
[1.199s] WARNING:colcon.colcon_ros.prefix_path.catkin:The path '/home/injunsik/ros2_study/install/my_first_package_msgs' in the environment variable CMAKE_PREFIX_PATH doesn't exist
[1.200s] DEBUG:colcon.colcon_installed_package_information.package_discovery:Found 0 installed packages in /home/injunsik/ros2_study/install
[1.202s] DEBUG:colcon.colcon_installed_package_information.package_discovery:Found 271 installed packages in /opt/ros/humble
[1.204s] Level 1:colcon.colcon_core.package_discovery:discover_packages(prefix_path) using defaults
[1.259s] Level 5:colcon.colcon_core.verb:set package 'my_first_package' build argument 'cmake_args' from command line to 'None'
[1.259s] Level 5:colcon.colcon_core.verb:set package 'my_first_package' build argument 'cmake_target' from command line to 'None'
[1.259s] Level 5:colcon.colcon_core.verb:set package 'my_first_package' build argument 'cmake_target_skip_unavailable' from command line to 'False'
[1.259s] Level 5:colcon.colcon_core.verb:set package 'my_first_package' build argument 'cmake_clean_cache' from command line to 'False'
[1.259s] Level 5:colcon.colcon_core.verb:set package 'my_first_package' build argument 'cmake_clean_first' from command line to 'False'
[1.259s] Level 5:colcon.colcon_core.verb:set package 'my_first_package' build argument 'cmake_force_configure' from command line to 'False'
[1.259s] Level 5:colcon.colcon_core.verb:set package 'my_first_package' build argument 'ament_cmake_args' from command line to 'None'
[1.259s] Level 5:colcon.colcon_core.verb:set package 'my_first_package' build argument 'catkin_cmake_args' from command line to 'None'
[1.259s] Level 5:colcon.colcon_core.verb:set package 'my_first_package' build argument 'catkin_skip_building_tests' from command line to 'False'
[1.259s] DEBUG:colcon.colcon_core.verb:Building package 'my_first_package' with the following arguments: {'ament_cmake_args': None, 'build_base': '/home/injunsik/ros2_study/build/my_first_package', 'catkin_cmake_args': None, 'catkin_skip_building_tests': False, 'cmake_args': None, 'cmake_clean_cache': False, 'cmake_clean_first': False, 'cmake_force_configure': False, 'cmake_target': None, 'cmake_target_skip_unavailable': False, 'install_base': '/home/injunsik/ros2_study/install/my_first_package', 'merge_install': False, 'path': '/home/injunsik/ros2_study/src/my_first_package', 'symlink_install': False, 'test_result_base': None}
[1.259s] Level 5:colcon.colcon_core.verb:set package 'my_first_package_msgs' build argument 'cmake_args' from command line to 'None'
[1.259s] Level 5:colcon.colcon_core.verb:set package 'my_first_package_msgs' build argument 'cmake_target' from command line to 'None'
[1.259s] Level 5:colcon.colcon_core.verb:set package 'my_first_package_msgs' build argument 'cmake_target_skip_unavailable' from command line to 'False'
[1.259s] Level 5:colcon.colcon_core.verb:set package 'my_first_package_msgs' build argument 'cmake_clean_cache' from command line to 'False'
[1.259s] Level 5:colcon.colcon_core.verb:set package 'my_first_package_msgs' build argument 'cmake_clean_first' from command line to 'False'
[1.260s] Level 5:colcon.colcon_core.verb:set package 'my_first_package_msgs' build argument 'cmake_force_configure' from command line to 'False'
[1.260s] Level 5:colcon.colcon_core.verb:set package 'my_first_package_msgs' build argument 'ament_cmake_args' from command line to 'None'
[1.260s] Level 5:colcon.colcon_core.verb:set package 'my_first_package_msgs' build argument 'catkin_cmake_args' from command line to 'None'
[1.260s] Level 5:colcon.colcon_core.verb:set package 'my_first_package_msgs' build argument 'catkin_skip_building_tests' from command line to 'False'
[1.260s] DEBUG:colcon.colcon_core.verb:Building package 'my_first_package_msgs' with the following arguments: {'ament_cmake_args': None, 'build_base': '/home/injunsik/ros2_study/build/my_first_package_msgs', 'catkin_cmake_args': None, 'catkin_skip_building_tests': False, 'cmake_args': None, 'cmake_clean_cache': False, 'cmake_clean_first': False, 'cmake_force_configure': False, 'cmake_target': None, 'cmake_target_skip_unavailable': False, 'install_base': '/home/injunsik/ros2_study/install/my_first_package_msgs', 'merge_install': False, 'path': '/home/injunsik/ros2_study/src/my_first_package_msgs', 'symlink_install': False, 'test_result_base': None}
[1.260s] INFO:colcon.colcon_core.executor:Executing jobs using 'parallel' executor
[1.261s] DEBUG:colcon.colcon_parallel_executor.executor.parallel:run_until_complete
[1.261s] INFO:colcon.colcon_ros.task.ament_python.build:Building ROS package in '/home/injunsik/ros2_study/src/my_first_package' with build type 'ament_python'
[1.261s] Level 1:colcon.colcon_core.shell:create_environment_hook('my_first_package', 'ament_prefix_path')
[1.264s] INFO:colcon.colcon_core.plugin_system:Skipping extension 'colcon_core.shell.bat': Not used on non-Windows systems
[1.264s] INFO:colcon.colcon_core.shell:Creating environment hook '/home/injunsik/ros2_study/install/my_first_package/share/my_first_package/hook/ament_prefix_path.ps1'
[1.265s] INFO:colcon.colcon_core.shell:Creating environment descriptor '/home/injunsik/ros2_study/install/my_first_package/share/my_first_package/hook/ament_prefix_path.dsv'
[1.265s] INFO:colcon.colcon_core.shell:Creating environment hook '/home/injunsik/ros2_study/install/my_first_package/share/my_first_package/hook/ament_prefix_path.sh'
[1.266s] INFO:colcon.colcon_core.shell:Skip shell extension 'powershell' for command environment: Not usable outside of PowerShell
[1.266s] DEBUG:colcon.colcon_core.shell:Skip shell extension 'dsv' for command environment
[1.270s] INFO:colcon.colcon_ros.task.ament_cmake.build:Building ROS package in '/home/injunsik/ros2_study/src/my_first_package_msgs' with build type 'ament_cmake'
[1.270s] INFO:colcon.colcon_cmake.task.cmake.build:Building CMake package in '/home/injunsik/ros2_study/src/my_first_package_msgs'
[1.270s] INFO:colcon.colcon_core.shell:Skip shell extension 'powershell' for command environment: Not usable outside of PowerShell
[1.270s] DEBUG:colcon.colcon_core.shell:Skip shell extension 'dsv' for command environment
[1.644s] INFO:colcon.colcon_core.task.python.build:Building Python package in '/home/injunsik/ros2_study/src/my_first_package'
[1.644s] INFO:colcon.colcon_core.shell:Skip shell extension 'powershell' for command environment: Not usable outside of PowerShell
[1.644s] DEBUG:colcon.colcon_core.shell:Skip shell extension 'dsv' for command environment
[1.650s] DEBUG:colcon.colcon_core.event_handler.log_command:Invoking command in '/home/injunsik/ros2_study/build/my_first_package_msgs': CMAKE_PREFIX_PATH=${CMAKE_PREFIX_PATH}:/home/injunsik/ros2_study/install/my_first_package:/opt/ros/humble /usr/bin/cmake /home/injunsik/ros2_study/src/my_first_package_msgs -DCMAKE_INSTALL_PREFIX=/home/injunsik/ros2_study/install/my_first_package_msgs
[2.142s] DEBUG:colcon.colcon_core.event_handler.log_command:Invoking command in '/home/injunsik/ros2_study/src/my_first_package': PYTHONPATH=/home/injunsik/ros2_study/build/my_first_package/prefix_override:/usr/lib/python3/dist-packages/colcon_core/task/python/colcon_distutils_commands:/home/injunsik/ros2_study/install/my_first_package/lib/python3.10/site-packages:${PYTHONPATH} /usr/bin/python3 -W ignore:setup.py install is deprecated -W ignore:easy_install command is deprecated setup.py egg_info --egg-base ../../build/my_first_package build --build-base /home/injunsik/ros2_study/build/my_first_package/build install --record /home/injunsik/ros2_study/build/my_first_package/install.log --single-version-externally-managed install_data
[2.546s] Level 1:colcon.colcon_core.environment:checking '/home/injunsik/ros2_study/install/my_first_package' for CMake module files
[2.546s] Level 1:colcon.colcon_core.environment:checking '/home/injunsik/ros2_study/install/my_first_package' for CMake config files
[2.547s] Level 1:colcon.colcon_core.environment:checking '/home/injunsik/ros2_study/install/my_first_package/lib'
[2.547s] Level 1:colcon.colcon_core.environment:checking '/home/injunsik/ros2_study/install/my_first_package/bin'
[2.547s] Level 1:colcon.colcon_core.environment:checking '/home/injunsik/ros2_study/install/my_first_package/lib/pkgconfig/my_first_package.pc'
[2.547s] Level 1:colcon.colcon_core.environment:checking '/home/injunsik/ros2_study/install/my_first_package/lib/python3.10/site-packages'
[2.547s] Level 1:colcon.colcon_core.shell:create_environment_hook('my_first_package', 'pythonpath')
[2.547s] INFO:colcon.colcon_core.shell:Creating environment hook '/home/injunsik/ros2_study/install/my_first_package/share/my_first_package/hook/pythonpath.ps1'
[2.548s] INFO:colcon.colcon_core.shell:Creating environment descriptor '/home/injunsik/ros2_study/install/my_first_package/share/my_first_package/hook/pythonpath.dsv'
[2.548s] INFO:colcon.colcon_core.shell:Creating environment hook '/home/injunsik/ros2_study/install/my_first_package/share/my_first_package/hook/pythonpath.sh'
[2.549s] Level 1:colcon.colcon_core.environment:checking '/home/injunsik/ros2_study/install/my_first_package/bin'
[2.549s] Level 1:colcon.colcon_core.environment:create_environment_scripts_only(my_first_package)
[2.549s] INFO:colcon.colcon_core.shell:Creating package script '/home/injunsik/ros2_study/install/my_first_package/share/my_first_package/package.ps1'
[2.550s] INFO:colcon.colcon_core.shell:Creating package descriptor '/home/injunsik/ros2_study/install/my_first_package/share/my_first_package/package.dsv'
[2.550s] INFO:colcon.colcon_core.shell:Creating package script '/home/injunsik/ros2_study/install/my_first_package/share/my_first_package/package.sh'
[2.551s] INFO:colcon.colcon_core.shell:Creating package script '/home/injunsik/ros2_study/install/my_first_package/share/my_first_package/package.bash'
[2.551s] INFO:colcon.colcon_core.shell:Creating package script '/home/injunsik/ros2_study/install/my_first_package/share/my_first_package/package.zsh'
[2.552s] Level 1:colcon.colcon_core.environment:create_file_with_runtime_dependencies(/home/injunsik/ros2_study/install/my_first_package/share/colcon-core/packages/my_first_package)
[2.553s] DEBUG:colcon.colcon_core.event_handler.log_command:Invoked command in '/home/injunsik/ros2_study/src/my_first_package' returned '0': PYTHONPATH=/home/injunsik/ros2_study/build/my_first_package/prefix_override:/usr/lib/python3/dist-packages/colcon_core/task/python/colcon_distutils_commands:/home/injunsik/ros2_study/install/my_first_package/lib/python3.10/site-packages:${PYTHONPATH} /usr/bin/python3 -W ignore:setup.py install is deprecated -W ignore:easy_install command is deprecated setup.py egg_info --egg-base ../../build/my_first_package build --build-base /home/injunsik/ros2_study/build/my_first_package/build install --record /home/injunsik/ros2_study/build/my_first_package/install.log --single-version-externally-managed install_data
[3.239s] DEBUG:colcon.colcon_core.event_handler.log_command:Invoked command in '/home/injunsik/ros2_study/build/my_first_package_msgs' returned '0': CMAKE_PREFIX_PATH=${CMAKE_PREFIX_PATH}:/home/injunsik/ros2_study/install/my_first_package:/opt/ros/humble /usr/bin/cmake /home/injunsik/ros2_study/src/my_first_package_msgs -DCMAKE_INSTALL_PREFIX=/home/injunsik/ros2_study/install/my_first_package_msgs
[3.239s] DEBUG:colcon.colcon_core.event_handler.log_command:Invoking command in '/home/injunsik/ros2_study/build/my_first_package_msgs': CMAKE_PREFIX_PATH=${CMAKE_PREFIX_PATH}:/home/injunsik/ros2_study/install/my_first_package:/opt/ros/humble /usr/bin/cmake --build /home/injunsik/ros2_study/build/my_first_package_msgs -- -j2 -l2
[6.643s] DEBUG:colcon.colcon_core.event_handler.log_command:Invoked command in '/home/injunsik/ros2_study/build/my_first_package_msgs' returned '0': CMAKE_PREFIX_PATH=${CMAKE_PREFIX_PATH}:/home/injunsik/ros2_study/install/my_first_package:/opt/ros/humble /usr/bin/cmake --build /home/injunsik/ros2_study/build/my_first_package_msgs -- -j2 -l2
[6.653s] DEBUG:colcon.colcon_core.event_handler.log_command:Invoking command in '/home/injunsik/ros2_study/build/my_first_package_msgs': CMAKE_PREFIX_PATH=${CMAKE_PREFIX_PATH}:/home/injunsik/ros2_study/install/my_first_package:/opt/ros/humble /usr/bin/cmake --install /home/injunsik/ros2_study/build/my_first_package_msgs
[6.760s] Level 1:colcon.colcon_core.environment:create_environment_scripts_only(my_first_package_msgs)
[6.760s] Level 1:colcon.colcon_core.environment:checking '/home/injunsik/ros2_study/install/my_first_package_msgs' for CMake module files
[6.761s] DEBUG:colcon.colcon_core.event_handler.log_command:Invoked command in '/home/injunsik/ros2_study/build/my_first_package_msgs' returned '0': CMAKE_PREFIX_PATH=${CMAKE_PREFIX_PATH}:/home/injunsik/ros2_study/install/my_first_package:/opt/ros/humble /usr/bin/cmake --install /home/injunsik/ros2_study/build/my_first_package_msgs
[6.762s] Level 1:colcon.colcon_core.environment:checking '/home/injunsik/ros2_study/install/my_first_package_msgs' for CMake config files
[6.762s] Level 1:colcon.colcon_core.shell:create_environment_hook('my_first_package_msgs', 'cmake_prefix_path')
[6.763s] INFO:colcon.colcon_core.shell:Creating environment hook '/home/injunsik/ros2_study/install/my_first_package_msgs/share/my_first_package_msgs/hook/cmake_prefix_path.ps1'
[6.763s] INFO:colcon.colcon_core.shell:Creating environment descriptor '/home/injunsik/ros2_study/install/my_first_package_msgs/share/my_first_package_msgs/hook/cmake_prefix_path.dsv'
[6.764s] INFO:colcon.colcon_core.shell:Creating environment hook '/home/injunsik/ros2_study/install/my_first_package_msgs/share/my_first_package_msgs/hook/cmake_prefix_path.sh'
[6.764s] Level 1:colcon.colcon_core.environment:checking '/home/injunsik/ros2_study/install/my_first_package_msgs/lib'
[6.764s] Level 1:colcon.colcon_core.shell:create_environment_hook('my_first_package_msgs', 'ld_library_path_lib')
[6.765s] INFO:colcon.colcon_core.shell:Creating environment hook '/home/injunsik/ros2_study/install/my_first_package_msgs/share/my_first_package_msgs/hook/ld_library_path_lib.ps1'
[6.765s] INFO:colcon.colcon_core.shell:Creating environment descriptor '/home/injunsik/ros2_study/install/my_first_package_msgs/share/my_first_package_msgs/hook/ld_library_path_lib.dsv'
[6.766s] INFO:colcon.colcon_core.shell:Creating environment hook '/home/injunsik/ros2_study/install/my_first_package_msgs/share/my_first_package_msgs/hook/ld_library_path_lib.sh'
[6.766s] Level 1:colcon.colcon_core.environment:checking '/home/injunsik/ros2_study/install/my_first_package_msgs/bin'
[6.766s] Level 1:colcon.colcon_core.environment:checking '/home/injunsik/ros2_study/install/my_first_package_msgs/lib/pkgconfig/my_first_package_msgs.pc'
[6.766s] Level 1:colcon.colcon_core.environment:checking '/home/injunsik/ros2_study/install/my_first_package_msgs/lib/python3.10/site-packages'
[6.767s] Level 1:colcon.colcon_core.environment:checking '/home/injunsik/ros2_study/install/my_first_package_msgs/bin'
[6.767s] INFO:colcon.colcon_core.shell:Creating package script '/home/injunsik/ros2_study/install/my_first_package_msgs/share/my_first_package_msgs/package.ps1'
[6.767s] INFO:colcon.colcon_core.shell:Creating package descriptor '/home/injunsik/ros2_study/install/my_first_package_msgs/share/my_first_package_msgs/package.dsv'
[6.768s] INFO:colcon.colcon_core.shell:Creating package script '/home/injunsik/ros2_study/install/my_first_package_msgs/share/my_first_package_msgs/package.sh'
[6.769s] INFO:colcon.colcon_core.shell:Creating package script '/home/injunsik/ros2_study/install/my_first_package_msgs/share/my_first_package_msgs/package.bash'
[6.769s] INFO:colcon.colcon_core.shell:Creating package script '/home/injunsik/ros2_study/install/my_first_package_msgs/share/my_first_package_msgs/package.zsh'
[6.770s] Level 1:colcon.colcon_core.environment:create_file_with_runtime_dependencies(/home/injunsik/ros2_study/install/my_first_package_msgs/share/colcon-core/packages/my_first_package_msgs)
[6.772s] Level 1:colcon.colcon_core.environment:create_environment_scripts_only(my_first_package_msgs)
[6.772s] Level 1:colcon.colcon_core.environment:checking '/home/injunsik/ros2_study/install/my_first_package_msgs' for CMake module files
[6.773s] Level 1:colcon.colcon_core.environment:checking '/home/injunsik/ros2_study/install/my_first_package_msgs' for CMake config files
[6.774s] Level 1:colcon.colcon_core.shell:create_environment_hook('my_first_package_msgs', 'cmake_prefix_path')
[6.774s] INFO:colcon.colcon_core.shell:Creating environment hook '/home/injunsik/ros2_study/install/my_first_package_msgs/share/my_first_package_msgs/hook/cmake_prefix_path.ps1'
[6.774s] INFO:colcon.colcon_core.shell:Creating environment descriptor '/home/injunsik/ros2_study/install/my_first_package_msgs/share/my_first_package_msgs/hook/cmake_prefix_path.dsv'
[6.775s] INFO:colcon.colcon_core.shell:Creating environment hook '/home/injunsik/ros2_study/install/my_first_package_msgs/share/my_first_package_msgs/hook/cmake_prefix_path.sh'
[6.776s] Level 1:colcon.colcon_core.environment:checking '/home/injunsik/ros2_study/install/my_first_package_msgs/lib'
[6.776s] Level 1:colcon.colcon_core.shell:create_environment_hook('my_first_package_msgs', 'ld_library_path_lib')
[6.776s] INFO:colcon.colcon_core.shell:Creating environment hook '/home/injunsik/ros2_study/install/my_first_package_msgs/share/my_first_package_msgs/hook/ld_library_path_lib.ps1'
[6.777s] INFO:colcon.colcon_core.shell:Creating environment descriptor '/home/injunsik/ros2_study/install/my_first_package_msgs/share/my_first_package_msgs/hook/ld_library_path_lib.dsv'
[6.778s] INFO:colcon.colcon_core.shell:Creating environment hook '/home/injunsik/ros2_study/install/my_first_package_msgs/share/my_first_package_msgs/hook/ld_library_path_lib.sh'
[6.778s] Level 1:colcon.colcon_core.environment:checking '/home/injunsik/ros2_study/install/my_first_package_msgs/bin'
[6.779s] Level 1:colcon.colcon_core.environment:checking '/home/injunsik/ros2_study/install/my_first_package_msgs/lib/pkgconfig/my_first_package_msgs.pc'
[6.779s] Level 1:colcon.colcon_core.environment:checking '/home/injunsik/ros2_study/install/my_first_package_msgs/lib/python3.10/site-packages'
[6.779s] Level 1:colcon.colcon_core.environment:checking '/home/injunsik/ros2_study/install/my_first_package_msgs/bin'
[6.780s] INFO:colcon.colcon_core.shell:Creating package script '/home/injunsik/ros2_study/install/my_first_package_msgs/share/my_first_package_msgs/package.ps1'
[6.780s] INFO:colcon.colcon_core.shell:Creating package descriptor '/home/injunsik/ros2_study/install/my_first_package_msgs/share/my_first_package_msgs/package.dsv'
[6.781s] INFO:colcon.colcon_core.shell:Creating package script '/home/injunsik/ros2_study/install/my_first_package_msgs/share/my_first_package_msgs/package.sh'
[6.782s] INFO:colcon.colcon_core.shell:Creating package script '/home/injunsik/ros2_study/install/my_first_package_msgs/share/my_first_package_msgs/package.bash'
[6.782s] INFO:colcon.colcon_core.shell:Creating package script '/home/injunsik/ros2_study/install/my_first_package_msgs/share/my_first_package_msgs/package.zsh'
[6.783s] Level 1:colcon.colcon_core.environment:create_file_with_runtime_dependencies(/home/injunsik/ros2_study/install/my_first_package_msgs/share/colcon-core/packages/my_first_package_msgs)
[6.783s] DEBUG:colcon.colcon_parallel_executor.executor.parallel:closing loop
[6.784s] DEBUG:colcon.colcon_parallel_executor.executor.parallel:loop closed
[6.784s] DEBUG:colcon.colcon_parallel_executor.executor.parallel:run_until_complete finished with '0'
[6.784s] DEBUG:colcon.colcon_core.event_reactor:joining thread
[6.801s] INFO:colcon.colcon_core.plugin_system:Skipping extension 'colcon_notification.desktop_notification.terminal_notifier': Not used on non-Darwin systems
[6.801s] INFO:colcon.colcon_core.plugin_system:Skipping extension 'colcon_notification.desktop_notification.win32': Not used on non-Windows systems
[6.801s] INFO:colcon.colcon_notification.desktop_notification:Sending desktop notification using 'notify2'
[6.851s] DEBUG:colcon.colcon_core.event_reactor:joined thread
[6.851s] INFO:colcon.colcon_core.shell:Creating prefix script '/home/injunsik/ros2_study/install/local_setup.ps1'
[6.852s] INFO:colcon.colcon_core.shell:Creating prefix util module '/home/injunsik/ros2_study/install/_local_setup_util_ps1.py'
[6.854s] INFO:colcon.colcon_core.shell:Creating prefix chain script '/home/injunsik/ros2_study/install/setup.ps1'
[6.856s] INFO:colcon.colcon_core.shell:Creating prefix script '/home/injunsik/ros2_study/install/local_setup.sh'
[6.856s] INFO:colcon.colcon_core.shell:Creating prefix util module '/home/injunsik/ros2_study/install/_local_setup_util_sh.py'
[6.858s] INFO:colcon.colcon_core.shell:Creating prefix chain script '/home/injunsik/ros2_study/install/setup.sh'
[6.860s] INFO:colcon.colcon_core.shell:Creating prefix script '/home/injunsik/ros2_study/install/local_setup.bash'
[6.860s] INFO:colcon.colcon_core.shell:Creating prefix chain script '/home/injunsik/ros2_study/install/setup.bash'
[6.866s] INFO:colcon.colcon_core.shell:Creating prefix script '/home/injunsik/ros2_study/install/local_setup.zsh'
[6.866s] INFO:colcon.colcon_core.shell:Creating prefix chain script '/home/injunsik/ros2_study/install/setup.zsh'
